<?xml version="1.0" encoding="UTF-8"?>
<!-- Generated by org.testng.reporters.JUnitReportReporter -->
<testsuite hostname="SYS" failures="0" tests="1" name="workingwithtestng.workingwithtestng.LoingTest" time="0.029" errors="0" timestamp="2020-06-10T06:38:20 BST" skipped="0">
  <testcase classname="workingwithtestng.workingwithtestng.LoingTest" name="f" time="0.029"/>
  <system-out/>
</testsuite> <!-- workingwithtestng.workingwithtestng.LoingTest -->
